Flow report for DE2_115_CAMERA
Fri Aug 24 20:35:47 2012
Quartus II Version 11.0 Build 157 04/27/2011 SJ Web Edition


---------------------
; Table of Contents ;
---------------------
  1. Legal Notice
  2. Flow Summary
  3. Flow Settings
  4. Flow Non-Default Global Settings
  5. Flow Elapsed Time
  6. Flow OS Summary
  7. Flow Log



----------------
; Legal Notice ;
----------------
Copyright (C) 1991-2011 Altera Corporation
Your use of Altera Corporation's design tools, logic functions 
and other software and tools, and its AMPP partner logic 
functions, and any output files from any of the foregoing 
(including device programming or simulation files), and any 
associated documentation or information are expressly subject 
to the terms and conditions of the Altera Program License 
Subscription Agreement, Altera MegaCore Function License 
Agreement, or other applicable license agreement, including, 
without limitation, that your use is for the sole purpose of 
programming logic devices manufactured by Altera and sold by 
Altera or its authorized distributors.  Please refer to the 
applicable agreement for further details.



+-------------------------------------------------------------------------------+
; Flow Summary                                                                  ;
+------------------------------------+------------------------------------------+
; Flow Status                        ; Successful - Fri Aug 24 20:35:38 2012    ;
; Quartus II Version                 ; 11.0 Build 157 04/27/2011 SJ Web Edition ;
; Revision Name                      ; DE2_115_CAMERA                           ;
; Top-level Entity Name              ; DE2_115_CAMERA                           ;
; Family                             ; Cyclone IV E                             ;
; Device                             ; EP4CE115F29C7                            ;
; Timing Models                      ; Final                                    ;
; Total logic elements               ; 3,906 / 114,480 ( 3 % )                  ;
;     Total combinational functions  ; 3,585 / 114,480 ( 3 % )                  ;
;     Dedicated logic registers      ; 1,178 / 114,480 ( 1 % )                  ;
; Total registers                    ; 1178                                     ;
; Total pins                         ; 428 / 529 ( 81 % )                       ;
; Total virtual pins                 ; 0                                        ;
; Total memory bits                  ; 59,344 / 3,981,312 ( 1 % )               ;
; Embedded Multiplier 9-bit elements ; 27 / 532 ( 5 % )                         ;
; Total PLLs                         ; 1 / 4 ( 25 % )                           ;
+------------------------------------+------------------------------------------+


+-----------------------------------------+
; Flow Settings                           ;
+-------------------+---------------------+
; Option            ; Setting             ;
+-------------------+---------------------+
; Start date & time ; 08/24/2012 20:33:26 ;
; Main task         ; Compilation         ;
; Revision Name     ; DE2_115_CAMERA      ;
+-------------------+---------------------+


+---------------------------------------------------------------------------------------------------------------------------------------------+
; Flow Non-Default Global Settings                                                                                                            ;
+-------------------------------------+------------------------------------------------------------+---------------+-------------+------------+
; Assignment Name                     ; Value                                                      ; Default Value ; Entity Name ; Section Id ;
+-------------------------------------+------------------------------------------------------------+---------------+-------------+------------+
; COMPILER_SIGNATURE_ID               ; 165257005739039.134583320603648                            ; --            ; --          ; --         ;
; ENABLE_SIGNALTAP                    ; On                                                         ; --            ; --          ; --         ;
; IP_TOOL_NAME                        ; ALTPLL                                                     ; --            ; --          ; --         ;
; IP_TOOL_NAME                        ; Shift register (RAM-based)                                 ; --            ; --          ; --         ;
; IP_TOOL_NAME                        ; LPM_DIVIDE                                                 ; --            ; --          ; --         ;
; IP_TOOL_VERSION                     ; 9.1                                                        ; --            ; --          ; --         ;
; IP_TOOL_VERSION                     ; 9.1                                                        ; --            ; --          ; --         ;
; IP_TOOL_VERSION                     ; 11.0                                                       ; --            ; --          ; --         ;
; MISC_FILE                           ; D:/grad_project_projects/DE2_115_CAMERA/DE2_115_CAMERA.dpf ; --            ; --          ; --         ;
; MISC_FILE                           ; v/sdram_pll.bsf                                            ; --            ; --          ; --         ;
; MISC_FILE                           ; v/sdram_pll.ppf                                            ; --            ; --          ; --         ;
; MISC_FILE                           ; v/Line_Buffer1.bsf                                         ; --            ; --          ; --         ;
; MISC_FILE                           ; alt_div_bb.v                                               ; --            ; --          ; --         ;
; PARTITION_COLOR                     ; 16764057                                                   ; --            ; --          ; Top        ;
; PARTITION_FITTER_PRESERVATION_LEVEL ; PLACEMENT_AND_ROUTING                                      ; --            ; --          ; Top        ;
; PARTITION_NETLIST_TYPE              ; SOURCE                                                     ; --            ; --          ; Top        ;
; USE_SIGNALTAP_FILE                  ; stp2.stp                                                   ; --            ; --          ; --         ;
+-------------------------------------+------------------------------------------------------------+---------------+-------------+------------+


+-------------------------------------------------------------------------------------------------------------------------------+
; Flow Elapsed Time                                                                                                             ;
+---------------------------+--------------+-------------------------+---------------------+------------------------------------+
; Module Name               ; Elapsed Time ; Average Processors Used ; Peak Virtual Memory ; Total CPU Time (on all processors) ;
+---------------------------+--------------+-------------------------+---------------------+------------------------------------+
; Analysis & Synthesis      ; 00:00:45     ; 1.0                     ; 298 MB              ; 00:00:43                           ;
; Fitter                    ; 00:01:09     ; 1.0                     ; 478 MB              ; 00:01:09                           ;
; Assembler                 ; 00:00:12     ; 1.0                     ; 469 MB              ; 00:00:12                           ;
; TimeQuest Timing Analyzer ; 00:00:21     ; 1.0                     ; 345 MB              ; 00:00:17                           ;
; Total                     ; 00:02:27     ; --                      ; --                  ; 00:02:21                           ;
+---------------------------+--------------+-------------------------+---------------------+------------------------------------+


+----------------------------------------------------------------------------------------+
; Flow OS Summary                                                                        ;
+---------------------------+------------------+-----------+------------+----------------+
; Module Name               ; Machine Hostname ; OS Name   ; OS Version ; Processor type ;
+---------------------------+------------------+-----------+------------+----------------+
; Analysis & Synthesis      ; Ismail-PC        ; Windows 7 ; 6.1        ; i686           ;
; Fitter                    ; Ismail-PC        ; Windows 7 ; 6.1        ; i686           ;
; Assembler                 ; Ismail-PC        ; Windows 7 ; 6.1        ; i686           ;
; TimeQuest Timing Analyzer ; Ismail-PC        ; Windows 7 ; 6.1        ; i686           ;
+---------------------------+------------------+-----------+------------+----------------+


------------
; Flow Log ;
------------
quartus_map --read_settings_files=on --write_settings_files=off DE2_115_CAMERA -c DE2_115_CAMERA
quartus_fit --read_settings_files=off --write_settings_files=off DE2_115_CAMERA -c DE2_115_CAMERA
quartus_asm --read_settings_files=off --write_settings_files=off DE2_115_CAMERA -c DE2_115_CAMERA
quartus_sta DE2_115_CAMERA -c DE2_115_CAMERA



